++++++++++++++++++++++++++++++++++++++++++++++++++++++++++++++
|       EasyQC      |    v9.2     |    24/September/2014     |
++++++++++++++++++++++++++++++++++++++++++++++++++++++++++++++
|  (C) 2013 Thomas Winkler, GNU General Public License, v3   |
++++++++++++++++++++++++++++++++++++++++++++++++++++++++++++++
|  For bug-report, please e-mail:                            |
|  thomas.winkler@klinik.uni-regensburg.de                   |
++++++++++++++++++++++++++++++++++++++++++++++++++++++++++++++

+++++
Starting EasyX: 2021-09-30 15:57:19 
Running script  /var/genetics/proj/within_family/within_family_project/scripts/qc/easyqc_pipeline/estonian_biobank/eb.pop.ecf ...

+++++
Getting list of input files ...
Using:
   +  /var/genetics/proj/within_family/within_family_project/processed/easyqc/estonian_biobank/eduyears.pop.sumstats 

+++++
Default output path is 
/var/genetics/proj/within_family/within_family_project/processed/easyqc/estonian_biobank

+++++
Performing validity check on 10 rows from each file :

   +  eduyears.pop.sumstats -> OK
 Passed validity check!

+++++
Processing file: eduyears.pop.sumstats 
   + Reading  /var/genetics/proj/within_family/within_family_project/processed/easyqc/estonian_biobank/eduyears.pop.sumstats ... 
	** Data reading time: 0.17 Minutes
	** Current memory allocated: 5490340 
   + EDITCOL 
      --rcdEditCol toupper(EFFECT_ALLELE) 
      --colEdit EFFECT_ALLELE
	** Function evaluation time: 0.04 Minutes
	** Current memory allocated: 5490340 
   + EDITCOL 
      --rcdEditCol toupper(OTHER_ALLELE) 
      --colEdit OTHER_ALLELE
	** Function evaluation time: 0.04 Minutes
	** Current memory allocated: 5490340 
   + CLEAN 
      --rcdClean !(EFFECT_ALLELE%in%c('A','C','G','T')) 
      --strCleanName numDrop_invalid_EA 
      --blnWriteCleaned 0
	** Function evaluation time: 0.01 Minutes
	** Current memory allocated: 5490340 
   + CLEAN 
      --rcdClean !(OTHER_ALLELE%in%c('A','C','G','T')) 
      --strCleanName numDrop_invalid_OA 
      --blnWriteCleaned 0
	** Function evaluation time: 0.01 Minutes
	** Current memory allocated: 5490340 
   + CLEAN 
      --rcdClean is.na(EFFECT_ALLELE)&is.na(OTHER_ALLELE) 
      --strCleanName numDrop_Missing_Alleles 
      --blnWriteCleaned 0
	** Function evaluation time: 0 Minutes
	** Current memory allocated: 5490340 
   + CLEAN 
      --rcdClean is.na(rsID) 
      --strCleanName numDrop_Missing_SNP 
      --blnWriteCleaned 0
	** Function evaluation time: 0 Minutes
	** Current memory allocated: 5490340 
   + CLEAN 
      --rcdClean is.na(PVAL) 
      --strCleanName numDrop_Missing_P 
      --blnWriteCleaned 0
	** Function evaluation time: 0 Minutes
	** Current memory allocated: 5490340 
   + CLEAN 
      --rcdClean is.na(BETA) 
      --strCleanName numDrop_Missing_BETA 
      --blnWriteCleaned 0
	** Function evaluation time: 0 Minutes
	** Current memory allocated: 5490340 
   + CLEAN 
      --rcdClean is.na(SE) 
      --strCleanName numDrop_Missing_SE 
      --blnWriteCleaned 0
	** Function evaluation time: 0 Minutes
	** Current memory allocated: 5490340 
   + CLEAN 
      --rcdClean is.na(EAF) 
      --strCleanName numDrop_Missing_EAF 
      --blnWriteCleaned 0
	** Function evaluation time: 0 Minutes
	** Current memory allocated: 5490340 
   + CLEAN 
      --rcdClean is.na(N) 
      --strCleanName numDrop_Missing_N 
      --blnWriteCleaned 0
	** Function evaluation time: 0 Minutes
	** Current memory allocated: 5490340 
   + CLEAN 
      --rcdClean PVAL<0|PVAL>1 
      --strCleanName numDrop_invalid_PVAL 
      --blnWriteCleaned 0
	** Function evaluation time: 0 Minutes
	** Current memory allocated: 5490340 
   + CRITERION 
      --rcdCrit PVAL==0 
      --strCritName SNPs_with_P_equal_0
	** Function evaluation time: 0 Minutes
	** Current memory allocated: 5490340 
   + CLEAN 
      --rcdClean SE<=0|SE==Inf|SE>=10 
      --strCleanName numDrop_invalid_SE 
      --blnWriteCleaned 0
	** Function evaluation time: 0 Minutes
	** Current memory allocated: 5490340 
   + CLEAN 
      --rcdClean abs(BETA)==Inf 
      --strCleanName numDrop_invalid_BETA 
      --blnWriteCleaned 0
	** Function evaluation time: 0 Minutes
	** Current memory allocated: 5490340 
   + CLEAN 
      --rcdClean EAF<0|EAF>1 
      --strCleanName numDrop_invalid_EAF 
      --blnWriteCleaned 0
	** Function evaluation time: 0 Minutes
	** Current memory allocated: 5490340 
   + CLEAN 
      --rcdClean N<=0 
      --strCleanName numDrop_invalid_N 
      --blnWriteCleaned 0
	** Function evaluation time: 0 Minutes
	** Current memory allocated: 5490340 
   + CLEAN 
      --rcdClean !CHR%in%c(1:22,NA) 
      --strCleanName numDropSNP_ChrXY 
      --blnWriteCleaned 1
	** Function evaluation time: 0.01 Minutes
	** Current memory allocated: 5490340 
   + ADDCOL 
      --rcdAddCol BETA/SE 
      --colOut Z
	** Function evaluation time: 0.01 Minutes
	** Current memory allocated: 5490340 
   + CLEAN 
      --rcdClean (EAF==0)|(EAF==1) 
      --strCleanName numDrop_Monomorph 
      --blnWriteCleaned 0
	** Function evaluation time: 0 Minutes
	** Current memory allocated: 5490340 
   + CLEAN 
      --rcdClean EAF<0.01 | EAF>1-0.01 
      --strCleanName numDrop_MAF_001 
      --blnWriteCleaned 0
	** Function evaluation time: 0 Minutes
	** Current memory allocated: 5490340 
   + ADDCOL 
      --rcdAddCol signif(2*pmin(EAF,1-EAF)*N,4) 
      --colOut MAC
	** Function evaluation time: 0.02 Minutes
	** Current memory allocated: 5551384 
   + CLEAN 
      --rcdClean MAC<25 
      --strCleanName numDrop_MAC_25 
      --blnWriteCleaned 0
	** Function evaluation time: 0 Minutes
	** Current memory allocated: 5551384 
   + CLEAN 
      --rcdClean N<0*max(N) 
      --strCleanName numDrop_Nfilter0 
      --blnWriteCleaned 0
	** Function evaluation time: 0 Minutes
	** Current memory allocated: 5551384 
   + HARMONIZEALLELES 
      --colInA1 EFFECT_ALLELE 
      --colInA2 OTHER_ALLELE
	** Function evaluation time: 0.15 Minutes
	** Current memory allocated: 7107960 
   + CREATECPTID 
      --fileMap /var/genetics/ukb/linner/EA3/EasyQC_HRC/EASYQC.RSMID.MAPFILE.HRC.chr1_22_X.txt 
      --colMapMarker rsmid 
      --colMapChr chr 
      --colMapPos pos 
      --colInMarker rsID 
      --colInA1 EFFECT_ALLELE 
      --colInA2 OTHER_ALLELE 
      --colInChr CHR 
      --colInPos POS 
      --blnUseInMarker 1
   + Reading  /var/genetics/ukb/linner/EA3/EasyQC_HRC/EASYQC.RSMID.MAPFILE.HRC.chr1_22_X.txt ... 
	** Function evaluation time: 2.07 Minutes
	** Current memory allocated: 9103788 
   + CLEANDUPLICATES 
      --colInMarker cptid 
      --strMode removeall 
      --colN N
	** Function evaluation time: 0.03 Minutes
	** Current memory allocated: 8615436 
   + MERGE 
      --colInMarker cptid 
      --fileRef /var/genetics/ukb/linner/EA3/EasyQC_HRC/EASYQC.ALLELE_FREQUENCY.MAPFILE.HRC.chr1_22_X.LET.FLIPPED_ALLELE_1000G+UK10K.txt 
      --acolIn ChrPosID;a1;a2;freq1 
      --acolInClasses character;character;character;numeric 
      --strRefSuffix .ref 
      --colRefMarker ChrPosID 
      --blnWriteNotInRef 1 
      --blnInAll 0 
      --blnRefAll 0
   + Reading  /var/genetics/ukb/linner/EA3/EasyQC_HRC/EASYQC.ALLELE_FREQUENCY.MAPFILE.HRC.chr1_22_X.LET.FLIPPED_ALLELE_1000G+UK10K.txt ... 
	** Function evaluation time: 3.14 Minutes
	** Current memory allocated: 11.6g 
   + ADDCOL 
      --rcdAddCol freq1.ref 
      --colOut EAF.ref
	** Function evaluation time: 0.01 Minutes
	** Current memory allocated: 11.4g 
   + ADJUSTALLELES 
      --colInA1 EFFECT_ALLELE 
      --colInA2 OTHER_ALLELE 
      --colInFreq EAF 
      --colInBeta BETA 
      --colRefA1 a1.ref 
      --colRefA2 a2.ref 
      --blnRemoveMismatch 1 
      --blnWriteMismatch 1 
      --blnRemoveInvalid 1 
      --blnWriteInvalid 1 
      --blnMetalUseStrand 1
	** Function evaluation time: 1.16 Minutes
	** Current memory allocated: 14.2g 
   + ADDCOL 
      --rcdAddCol abs(EAF-EAF.ref) 
      --colOut DAF
	** Function evaluation time: 0.01 Minutes
	** Current memory allocated: 11.6g 
   + AFCHECK 
      --colInFreq EAF 
      --colRefFreq EAF.ref 
      --numLimOutlier 0.2 
      --blnRemoveOutlier 1 
      --blnPlotAll 0
	** Function evaluation time: 0.03 Minutes
	** Current memory allocated: 13.2g 
   + GETCOLS 
      --acolOut cptid;CHR;POS;rsID;EFFECT_ALLELE;OTHER_ALLELE;BETA;SE;PVAL;EAF;MAC;N;Z
	** Function evaluation time: 0.01 Minutes
	** Current memory allocated: 11.7g 
   + WRITE 
      --strPrefix CLEANED. 
      --strMissing . 
      --strMode gz
	** Function evaluation time: 3.44 Minutes
	** Current memory allocated: 10.7g 
   + PZPLOT 
      --colBeta BETA 
      --colSe SE 
      --colPval PVAL
	** Function evaluation time: 0.16 Minutes
	** Current memory allocated: 11.7g 
   + QQPLOT 
      --acolQQPlot PVAL 
      --numPvalOffset 0.05 
      --strMode subplot
	** Function evaluation time: 0.2 Minutes
	** Current memory allocated: 11.7g 
   + CALCULATE 
      --rcdCalc max(N,na.rm=T) 
      --strCalcName N_max
	** Function evaluation time: 0 Minutes
	** Current memory allocated: 10.7g 
   + GC 
      --colPval PVAL 
      --blnSuppressCorrection 1
	** Function evaluation time: 0.21 Minutes
	** Current memory allocated: 10.7g 
   + RPLOT 
      --rcdRPlotX N_max 
      --rcdRPlotY Lambda.PVAL.GC 
      --arcdAdd2Plot abline(h=1,col='orange');abline(h=1.1,col='red') 
      --strAxes lim(0,NULL,0,NULL) 
      --strPlotName GC-PLOT
	** Function evaluation time: 0 Minutes
	** Current memory allocated: 10.7g 
** File processing time: 16.09 Minutes


+++++
Succesfully finished EasyX: 2021-09-30 16:13:24 
Elapsed time: 16.09 Minutes 
Maximum memory allocated: 14.2g 
++++++++++++++++++++++++++++++++++++++++++++++++++++++++++++++

